Log file open, 10/11/17 03:00:12
LogInit:Display: Running engine for game: BattleTank
LogPlatformFile: Not using cached read wrapper
LogInit:Display: RandInit(-1201003947) SRandInit(-1201003947).
LogTaskGraph: Started task graph with 5 named threads and 8 total threads with 1 sets of task threads.
LogStats: Stats thread started at 0.103723
LogInit: Using libcurl 7.47.1
LogInit:  - built for x86_64-pc-win32
LogInit:  - supports SSL with OpenSSL/1.0.2g
LogInit:  - supports HTTP deflate (compression) using libz 1.2.8
LogInit:  - other features:
LogInit:      CURL_VERSION_SSL
LogInit:      CURL_VERSION_LIBZ
LogInit:      CURL_VERSION_IPV6
LogInit:      CURL_VERSION_ASYNCHDNS
LogInit:      CURL_VERSION_LARGEFILE
LogInit:      CURL_VERSION_IDN
LogInit:  CurlRequestOptions (configurable via config and command line):
LogInit:  - bVerifyPeer = false  - Libcurl will NOT verify peer certificate
LogInit:  - bUseHttpProxy = false  - Libcurl will NOT use HTTP proxy
LogInit:  - bDontReuseConnections = false  - Libcurl will reuse connections
LogInit:  - CertBundlePath = nullptr  - Libcurl will use whatever was configured at build time.
LogInit: Build: ++UE4+Release-4.16-CL-3561208
LogInit: Engine Version: 4.16.3-3561208+++UE4+Release-4.16
LogInit: Compatible Engine Version: 4.16.0-3452394+++UE4+Release-4.16
LogInit: Net CL: 3452394
LogDevObjectVersion: Number of dev versions registered: 16
LogDevObjectVersion:   Dev-Blueprints (B0D832E4-1F89-4F0D-ACCF-7EB736FD4AA2): 9
LogDevObjectVersion:   Dev-Build (E1C64328-A22C-4D53-A36C-8E866417BD8C): 0
LogDevObjectVersion:   Dev-Core (375EC13C-06E4-48FB-B500-84F0262A717E): 2
LogDevObjectVersion:   Dev-Editor (E4B068ED-F494-42E9-A231-DA0B2E46BB41): 17
LogDevObjectVersion:   Dev-Framework (CFFC743F-43B0-4480-9391-14DF171D2073): 23
LogDevObjectVersion:   Dev-Mobile (B02B49B5-BB20-44E9-A304-32B752E40360): 0
LogDevObjectVersion:   Dev-Networking (A4E4105C-59A1-49B5-A7C5-40C4547EDFEE): 0
LogDevObjectVersion:   Dev-Online (39C831C9-5AE6-47DC-9A44-9C173E1C8E7C): 0
LogDevObjectVersion:   Dev-Physics (78F01B33-EBEA-4F98-B9B4-84EACCB95AA2): 0
LogDevObjectVersion:   Dev-Platform (6631380F-2D4D-43E0-8009-CF276956A95A): 0
LogDevObjectVersion:   Dev-Rendering (12F88B9F-8875-4AFC-A67C-D90C383ABD29): 15
LogDevObjectVersion:   Dev-Sequencer (7B5AE74C-D270-4C10-A958-57980B212A5A): 4
LogDevObjectVersion:   Dev-VR (D7296918-1DD6-4BDD-9DE2-64A83CC13884): 0
LogDevObjectVersion:   Dev-LoadTimes (C2A15278-BFE7-4AFE-6C17-90FF531DF755): 1
LogDevObjectVersion:   Private-Geometry (6EACA3D4-40EC-4CC1-B786-8BED09428FC5): 1
LogDevObjectVersion:   Dev-AnimPhys (29E575DD-E0A3-4627-9D10-D276232CDCEA): 3
LogInit: Compiled (64-bit): Jul 28 2017 11:49:47
LogInit: Compiled with Visual C++: 19.00.24215.01
LogInit: Build Configuration: Development
LogInit: Branch Name: ++UE4+Release-4.16
LogInit: Command line: -EpicPortal 
LogInit: Base directory: C:/Program Files/Epic Games/UE_4.16/Engine/Binaries/Win64/
LogInit: Installed Engine Build: 1
LogInit: Presizing for max 8388607 objects, including 0 objects not considered by GC, pre-allocating 0 bytes for permanent pool.
LogInit: Object subsystem initialized
[2017.10.11-00.00.13:348][  0]LogInit: Selected Device Profile: [Windows]
[2017.10.11-00.00.13:348][  0]LogInit: Applying CVar settings loaded from the selected device profile: [Windows]
[2017.10.11-00.00.13:360][  0]LogInit: Computer: DESKTOP-8BKLK0F
[2017.10.11-00.00.13:360][  0]LogInit: User: Anry
[2017.10.11-00.00.13:360][  0]LogInit: CPU Page size=4096, Cores=4
[2017.10.11-00.00.13:360][  0]LogInit: High frequency timer resolution =2.143487 MHz
[2017.10.11-00.00.13:360][  0]LogMemory: Memory total: Physical=15.9GB (16GB approx)
[2017.10.11-00.00.13:360][  0]LogMemory: Platform Memory Stats for Windows
[2017.10.11-00.00.13:360][  0]LogMemory: Process Physical Memory: 273.11 MB used, 273.11 MB peak
[2017.10.11-00.00.13:360][  0]LogMemory: Process Virtual Memory: 263.38 MB used, 263.38 MB peak
[2017.10.11-00.00.13:360][  0]LogMemory: Physical Memory: 5147.68 MB used,  11144.57 MB free, 16292.24 MB total
[2017.10.11-00.00.13:360][  0]LogMemory: Virtual Memory: 640.77 MB used,  11144.57 MB free, 134217728.00 MB total
[2017.10.11-00.00.13:470][  0]LogInit: Using OS detected language (en-US).
[2017.10.11-00.00.13:470][  0]LogInit: Using OS detected locale (en-US).
[2017.10.11-00.00.13:477][  0]LogTextLocalizationManager: No specific localization for 'en-US' exists, so the 'en' localization will be used.
[2017.10.11-00.00.14:736][  0]LogD3D11RHI: D3D11 adapters:
[2017.10.11-00.00.14:744][  0]LogD3D11RHI:    0. 'Intel(R) Iris(TM) Pro Graphics 5200' (Feature Level 11_0)
[2017.10.11-00.00.14:744][  0]LogD3D11RHI:       112/0/2048 MB DedicatedVideo/DedicatedSystem/SharedSystem, Outputs:1, VendorId:0x8086
[2017.10.11-00.00.14:746][  0]LogD3D11RHI:    1. 'Microsoft Basic Render Driver' (Feature Level 11_0)
[2017.10.11-00.00.14:746][  0]LogD3D11RHI:       0/0/8146 MB DedicatedVideo/DedicatedSystem/SharedSystem, Outputs:0, VendorId:0x1414
[2017.10.11-00.00.14:746][  0]LogD3D11RHI: Chosen D3D11 Adapter: 0
[2017.10.11-00.00.14:749][  0]LogD3D11RHI: Creating new Direct3DDevice
[2017.10.11-00.00.14:749][  0]LogD3D11RHI:     GPU DeviceId: 0xd26 (for the marketing name, search the web for "GPU Device Id")
[2017.10.11-00.00.14:749][  0]LogWindows: EnumDisplayDevices:
[2017.10.11-00.00.14:750][  0]LogWindows:    0. 'Intel(R) Iris(TM) Pro Graphics 5200' (P:1 D:1)
[2017.10.11-00.00.14:750][  0]LogWindows:    1. 'Intel(R) Iris(TM) Pro Graphics 5200' (P:0 D:0)
[2017.10.11-00.00.14:750][  0]LogWindows:    2. 'Intel(R) Iris(TM) Pro Graphics 5200' (P:0 D:0)
[2017.10.11-00.00.14:750][  0]LogWindows: DebugString: FoundDriverCount:3 
[2017.10.11-00.00.14:750][  0]LogD3D11RHI:     Adapter Name: Intel(R) Iris(TM) Pro Graphics 5200
[2017.10.11-00.00.14:750][  0]LogD3D11RHI:   Driver Version: 20.19.15.4531 (internal:20.19.15.4531, unified:20.19.15.4531)
[2017.10.11-00.00.14:750][  0]LogD3D11RHI:      Driver Date: 9-29-2016
[2017.10.11-00.00.14:750][  0]LogRHI: Texture pool is 795 MB (70% of 1136 MB)
[2017.10.11-00.00.14:757][  0]LogD3D11RHI: Async texture creation enabled
[2017.10.11-00.00.14:761][  0]LogD3D11RHI: GPU Timing Frequency: 12.500000 (Debug: 2 0)
[2017.10.11-00.00.14:762][  0]LogShaderCompilers: Guid format shader working directory is -32 characters bigger than the processId version (../../../../../../Users/ANRI/Desktop/Unreal Projects/04_BattleTank/BattleTank/Intermediate/Shaders/WorkingDirectory/7316/).
[2017.10.11-00.00.14:762][  0]LogShaderCompilers: Cleaned the shader compiler working directory 'C:/Users/ANRI/AppData/Local/Temp/UnrealShaderWorkingDir/7B628E8B46BF3604064409A6B07AFA7C/'.
[2017.10.11-00.00.14:762][  0]LogShaderCompilers:Display: Using Local Shader Compiler.
[2017.10.11-00.00.16:127][  0]LogTemp:Display: Loaded TP AllDesktopTargetPlatform
[2017.10.11-00.00.16:196][  0]LogTemp:Display: Loaded TP MacClientTargetPlatform
[2017.10.11-00.00.16:255][  0]LogTemp:Display: Loaded TP MacNoEditorTargetPlatform
[2017.10.11-00.00.16:314][  0]LogTemp:Display: Loaded TP MacServerTargetPlatform
[2017.10.11-00.00.16:389][  0]LogTemp:Display: Loaded TP MacTargetPlatform
[2017.10.11-00.00.16:456][  0]LogTemp:Display: Loaded TP WindowsClientTargetPlatform
[2017.10.11-00.00.16:525][  0]LogTemp:Display: Loaded TP WindowsNoEditorTargetPlatform
[2017.10.11-00.00.16:591][  0]LogTemp:Display: Loaded TP WindowsServerTargetPlatform
[2017.10.11-00.00.16:654][  0]LogTemp:Display: Loaded TP WindowsTargetPlatform
[2017.10.11-00.00.16:730][  0]LogTemp:Display: Loaded TP AndroidTargetPlatform
[2017.10.11-00.00.16:794][  0]LogTemp:Display: Loaded TP Android_ASTCTargetPlatform
[2017.10.11-00.00.16:864][  0]LogTemp:Display: Loaded TP Android_ATCTargetPlatform
[2017.10.11-00.00.16:932][  0]LogTemp:Display: Loaded TP Android_DXTTargetPlatform
[2017.10.11-00.00.17:027][  0]LogTemp:Display: Loaded TP Android_ETC1TargetPlatform
[2017.10.11-00.00.17:096][  0]LogTemp:Display: Loaded TP Android_ETC2TargetPlatform
[2017.10.11-00.00.17:230][  0]LogTemp:Display: Loaded TP Android_MultiTargetPlatform
[2017.10.11-00.00.17:230][  0]LogTemp:Display: Loaded TP Android_PVRTCTargetPlatform
[2017.10.11-00.00.17:283][  0]LogTemp:Display: Loaded TP HTML5TargetPlatform
[2017.10.11-00.00.17:393][  0]LogTemp:Display: Loaded TP IOSTargetPlatform
[2017.10.11-00.00.17:427][  0]LogTemp:Display: Loaded TP TVOSTargetPlatform
[2017.10.11-00.00.17:485][  0]LogTemp:Display: Loaded TP LinuxClientTargetPlatform
[2017.10.11-00.00.17:543][  0]LogTemp:Display: Loaded TP LinuxNoEditorTargetPlatform
[2017.10.11-00.00.17:600][  0]LogTemp:Display: Loaded TP LinuxServerTargetPlatform
[2017.10.11-00.00.17:660][  0]LogTemp:Display: Loaded TP LinuxTargetPlatform
[2017.10.11-00.00.17:660][  0]LogTargetPlatformManager:Display: Building Assets For Windows
[2017.10.11-00.00.18:312][  0]LogDerivedDataCache:Display: Max Cache Size: 512 MB
[2017.10.11-00.00.18:420][  0]LogDerivedDataCache: Loaded boot cache 0.11s 102MB C:/Users/ANRI/AppData/Local/UnrealEngine/4.16/DerivedDataCache/Boot.ddc.
[2017.10.11-00.00.18:420][  0]LogDerivedDataCache:Display: Loaded Boot cache: C:/Users/ANRI/AppData/Local/UnrealEngine/4.16/DerivedDataCache/Boot.ddc
[2017.10.11-00.00.18:421][  0]LogDerivedDataCache: FDerivedDataBackendGraph:  Pak pak cache file ../../../../../../Users/ANRI/Desktop/Unreal Projects/04_BattleTank/BattleTank/DerivedDataCache/DDC.ddp not found, will not use a pak cache.
[2017.10.11-00.00.18:421][  0]LogDerivedDataCache: Unable to find inner node Pak for hierarchical cache Hierarchy.
[2017.10.11-00.00.18:421][  0]LogDerivedDataCache: FDerivedDataBackendGraph:  CompressedPak pak cache file ../../../../../../Users/ANRI/Desktop/Unreal Projects/04_BattleTank/BattleTank/DerivedDataCache/Compressed.ddp not found, will not use a pak cache.
[2017.10.11-00.00.18:421][  0]LogDerivedDataCache: Unable to find inner node CompressedPak for hierarchical cache Hierarchy.
[2017.10.11-00.00.18:443][  0]LogDerivedDataCache:Display: Pak cache opened for reading ../../../Engine/DerivedDataCache/Compressed.ddp.
[2017.10.11-00.00.18:455][  0]LogDerivedDataCache: Using Local data cache path C:/Users/ANRI/AppData/Local/UnrealEngine/Common/DerivedDataCache: Writable
[2017.10.11-00.00.18:470][  0]LogMaterial: Verifying Global Shaders for PCD3D_SM5
[2017.10.11-00.00.18:470][  0]LogSlate: Using Freetype 2.6.0
[2017.10.11-00.00.18:471][  0]LogSlate: SlateFontCache - WITH_FREETYPE: 1, WITH_HARFBUZZ: 1
[2017.10.11-00.00.18:471][  0]LogSlate: SlateFontCache - WITH_FREETYPE: 1, WITH_HARFBUZZ: 1
[2017.10.11-00.00.19:006][  0]LogInit: Selected Device Profile: [Windows]
[2017.10.11-00.00.19:085][  0]LogContentStreaming: Texture pool size is 0.00 MB
[2017.10.11-00.00.19:317][  0]LogMeshUtilities: Using QuadricMeshReduction for automatic static mesh reduction
[2017.10.11-00.00.19:385][  0]LogSimplygon: Simplygon DLL not present - disabling.
[2017.10.11-00.00.19:465][  0]LogMeshUtilities: Using SimplygonSwarm for distributed automatic mesh merging
[2017.10.11-00.00.19:465][  0]LogMeshUtilities: No automatic skeletal mesh reduction module available
[2017.10.11-00.00.19:465][  0]LogMeshUtilities: No automatic mesh merging module available
[2017.10.11-00.00.20:155][  0]LogNetVersion: BattleTank , NetCL: 3452394, EngineNetVer: 2, GameNetVer: 0 (Checksum: 4114001466)
[2017.10.11-00.00.20:224][  0]LogAssetRegistry: FAssetRegistry took 0.0252 seconds to start up
[2017.10.11-00.00.20:310][  0]LogPackageLocalizationCache: Processed 4 localized package path(s) for 2 prioritized culture(s) in 0.045454 seconds
[2017.10.11-00.00.20:315][  0]LogUObjectArray: 34194 objects as part of root set at end of initial load.
[2017.10.11-00.00.20:315][  0]LogUObjectAllocator: 7260416 out of 0 bytes used by permanent object pool.
[2017.10.11-00.00.20:315][  0]LogUObjectArray: CloseDisregardForGC: 0/0 objects in disregard for GC pool
[2017.10.11-00.00.20:416][  0]LogInit: WinSock: version 1.1 (2.2), MaxSocks=32767, MaxUdp=65467
[2017.10.11-00.00.23:445][  0]LogTcpMessaging: Initializing TcpMessaging bridge
[2017.10.11-00.00.23:501][  0]LogUdpMessaging: Initializing bridge on interface 0.0.0.0:0 to multicast group 230.0.0.1:6666.
[2017.10.11-00.00.24:292][  0]LogMaterial: Uniform references updated for custom material expression Custom.
[2017.10.11-00.00.24:971][  0]SourceControl: Info Source control is disabled
[2017.10.11-00.00.25:010][  0]SourceControl: Info Source control is disabled
[2017.10.11-00.00.25:067][  0]SourceControl: Info Source control is disabled
[2017.10.11-00.00.25:129][  0]SourceControl: Info Source control is disabled
[2017.10.11-00.00.26:040][  0]LogAndroidPermission: UAndroidPermissionCallbackProxy::GetInstance
[2017.10.11-00.00.26:862][  0]LogEngine: Initializing Engine...
[2017.10.11-00.00.26:863][  0]LogHMD: Failed to initialize OpenVR with code 110
[2017.10.11-00.00.27:053][  0]LogStats: UGameplayTagsManager::ConstructGameplayTagTree: Construct from data asset -  0.000 s
[2017.10.11-00.00.27:053][  0]LogStats: UGameplayTagsManager::ConstructGameplayTagTree: GameplayTagTreeChangedEvent.Broadcast -  0.000 s
[2017.10.11-00.00.27:218][  0]LogAIModule: Creating AISystem for world Untitled
[2017.10.11-00.00.27:225][  0]LogInit: XAudio2 using 'Speakers (Cirrus Logic CS4208 (AB 94))' : 4 channels at 48 kHz using 32 bits per sample (channel mask 0x33)
[2017.10.11-00.00.27:234][  0]LogInit: FAudioDevice initialized.
[2017.10.11-00.00.27:283][  0]LogDerivedDataCache: Saved boot cache 0.05s 90MB C:/Users/ANRI/AppData/Local/UnrealEngine/4.16/DerivedDataCache/Boot.ddc.
[2017.10.11-00.00.27:299][  0]LogInit: Texture streaming: Enabled
[2017.10.11-00.00.27:415][  0]LogEngineSessionManager: EngineSessionManager initialized
[2017.10.11-00.00.27:688][  0]LogWindowsTextInputMethodSystem:Display: IME system now deactivated.
[2017.10.11-00.00.27:728][  0]LogInit: Transaction tracking system initialized
[2017.10.11-00.00.28:177][  0]BlueprintLog: New page: Editor Load
[2017.10.11-00.00.29:523][  0]LocalizationService: Info Localization service is disabled
[2017.10.11-00.00.30:467][  0]LogConsoleResponse:Display: 
[2017.10.11-00.00.30:633][  0]LogFileCache: Scanning file cache for directory 'C:/Users/ANRI/Desktop/Unreal Projects/04_BattleTank/BattleTank/Content/' took 0.01s
[2017.10.11-00.00.30:633][  0]LogCook:Display: Max memory allowance for cook 16384mb min free memory 0mb
[2017.10.11-00.00.30:633][  0]LogCook:Display: Mobile HDR setting 1
[2017.10.11-00.00.32:215][  0]SourceControl: Info Source control is disabled
[2017.10.11-00.00.32:215][  0]Cmd: MAP LOAD FILE="../../../Engine/Content/Maps/Templates/Template_Default.umap" TEMPLATE=1 SHOWPROGRESS=1 FEATURELEVEL=3
[2017.10.11-00.00.32:216][  0]LightingResults: New page: Lighting Build
[2017.10.11-00.00.32:354][  0]MapCheck: New page: Map Check
[2017.10.11-00.00.32:354][  0]LightingResults: New page: Lighting Build
[2017.10.11-00.00.32:792][  0]LogAIModule: Creating AISystem for world Untitled_1
[2017.10.11-00.00.32:793][  0]LogActorComponent: RegisterComponentWithWorld: (/Temp/Untitled_1.Untitled_1:PersistentLevel.WorldSettings_1.StaticMeshComponent0) Trying to register component with IsPendingKill() == true. Aborting.
[2017.10.11-00.00.32:799][  0]LogEditorServer: Finished looking for orphan Actors (0.000 secs)
[2017.10.11-00.00.32:837][  0]Cmd: MAP CHECKDEP NOCLEARLOG
[2017.10.11-00.00.32:902][  0]MapCheck: Info Map check complete: 0 Error(s), 0 Warning(s), took 65.305ms to complete.
[2017.10.11-00.00.32:902][  0]LogFileHelpers: Loading map 'Template_Default' took 0.687
[2017.10.11-00.00.33:138][  0]LogCollectionManager: Loaded 0 collections in 0.002397 seconds
[2017.10.11-00.00.33:229][  0]LogFileCache: Scanning file cache for directory 'C:/Users/ANRI/Desktop/Unreal Projects/04_BattleTank/BattleTank/Saved/Collections/' took 0.01s
[2017.10.11-00.00.33:229][  0]LogFileCache: Scanning file cache for directory 'C:/Users/ANRI/Desktop/Unreal Projects/04_BattleTank/BattleTank/Content/Developers/Anry/Collections/' took 0.01s
[2017.10.11-00.00.33:229][  0]LogFileCache: Scanning file cache for directory 'C:/Users/ANRI/Desktop/Unreal Projects/04_BattleTank/BattleTank/Content/Collections/' took 0.01s
[2017.10.11-00.00.33:229][  0]LogCollectionManager: Rebuilt the GUID cache for 0 collections in 0.000002 seconds
[2017.10.11-00.00.33:240][  0]LogContentBrowser: Native class hierarchy populated in 0.0105 seconds. Added 2331 classes and 495 folders.
[2017.10.11-00.00.33:358][  0]LogContentBrowser: Native class hierarchy updated for 'WidgetCarousel' in 0.0031 seconds. Added 0 classes and 0 folders.
[2017.10.11-00.00.33:422][  0]LogContentBrowser: Native class hierarchy updated for 'AddContentDialog' in 0.0023 seconds. Added 0 classes and 0 folders.
[2017.10.11-00.00.33:465][  0]LogCrashTracker: Crashtracker disabled due to settings.
[2017.10.11-00.00.33:470][  0]LogSlate: Took 0.000221 seconds to synchronously load lazily loaded font '../../../Engine/Content/Slate/Fonts/Roboto-Regular.ttf' (155K)
[2017.10.11-00.00.33:475][  0]LogSlate: Took 0.000190 seconds to synchronously load lazily loaded font '../../../Engine/Content/Slate/Fonts/Roboto-Bold.ttf' (160K)
[2017.10.11-00.00.33:477][  0]LogSlate: Took 0.000202 seconds to synchronously load lazily loaded font '../../../Engine/Content/Editor/Slate/Fonts/FontAwesome.ttf' (139K)
[2017.10.11-00.00.33:478][  0]LogSlate: Took 0.000147 seconds to synchronously load lazily loaded font '../../../Engine/Content/Editor/Slate/Fonts/DroidSansMono.ttf' (77K)
[2017.10.11-00.00.33:602][  0]LogRenderer: Reallocating scene render targets to support 1048x512 NumSamples 1 (Frame:1).
[2017.10.11-00.00.34:058][  0]LogUObjectGlobals:Warning: Failed to find object 'Class None.'
[2017.10.11-00.00.34:147][  0]LogContentBrowser: Native class hierarchy updated for 'HierarchicalLODOutliner' in 0.0034 seconds. Added 1 classes and 2 folders.
[2017.10.11-00.00.34:148][  0]LogLoad: (Engine Initialization) Total time: 23.25 seconds
[2017.10.11-00.00.34:148][  0]LogLoad: (Engine Initialization) Total Blueprint compile time: 0.16 seconds
[2017.10.11-00.00.34:148][  0]LogExternalProfiler: Found external profiler: VSPerf
[2017.10.11-00.00.34:148][  0]LogExternalProfiler: Using external profiler: VSPerf
[2017.10.11-00.00.34:174][  0]LogOcInput: OculusInput pre-init called
[2017.10.11-00.00.34:174][  0]LogHMD: Starting GearVRController plugin
[2017.10.11-00.00.34:191][  0]LogAssetRegistry: Asset discovery search completed in 13.9884 seconds
[2017.10.11-00.00.34:194][  0]LogCollectionManager: Rebuilt the object cache for 0 collections in 0.000000 seconds (found 0 objects)
[2017.10.11-00.00.34:194][  0]LogCollectionManager: Fixed up redirectors for 0 collections in 0.000160 seconds (updated 0 objects)
[2017.10.11-00.00.34:195][  0]LogContentStreaming: Texture pool size now 1000 MB
[2017.10.11-00.04.17:189][999]LogEditorViewport: Clicking on Actor (LMB): StaticMeshActor (Floor)
[2017.10.11-00.04.44:579][  1]LogSlate: Took 0.000179 seconds to synchronously load lazily loaded font '../../../Engine/Content/Slate/Fonts/Roboto-Light.ttf' (159K)
[2017.10.11-00.04.44:949][  1]LogSavePackage: Save=32.65ms
[2017.10.11-00.04.44:949][  1]LogSavePackage: Moving '../../../../../../Users/ANRI/Desktop/Unreal Projects/04_BattleTank/BattleTank/Saved/BattleGround79EB423942681E8AE2341DB22B07B789.tmp' to '../../../../../../Users/ANRI/Desktop/Unreal Projects/04_BattleTank/BattleTank/Content/BattleGround.umap'
[2017.10.11-00.04.44:950][  1]LogSavePackage:Display: Finished SavePackage ../../../../../../Users/ANRI/Desktop/Unreal Projects/04_BattleTank/BattleTank/Content/BattleGround.umap
[2017.10.11-00.04.44:976][  1]LogFileHelpers: Saving map 'BattleGround' took 0.471
[2017.10.11-00.04.45:061][  7]LogSlate: Took 0.000173 seconds to synchronously load lazily loaded font '../../../Engine/Content/Slate/Fonts/Roboto-Light.ttf' (159K)
[2017.10.11-00.05.20:958][469]LogSlate: Only BGRA pngs, bmps or icos are supported in by External Image Picker
[2017.10.11-00.05.20:988][470]LogTemp: Executing iPhonePackager certificates Engine -bundlename com.YourCompany.BattleTank
[2017.10.11-00.05.20:988][470]LogTemp: CWD: C:\Program Files\Epic Games\UE_4.16\Engine\Binaries\DotNET\IOS
[2017.10.11-00.05.20:988][470]LogTemp: Initial Dir: C:\Program Files\Epic Games\UE_4.16
[2017.10.11-00.05.20:988][470]LogTemp: Env CWD: C:\Program Files\Epic Games\UE_4.16\Engine\Binaries\DotNET\IOS
[2017.10.11-00.05.20:995][471]LogTemp: BranchPath = DESKTOP-8BKLK0F/C/Program Files/Epic Games/UE_4.16/Engine/Binaries --- GameBranchPath = DESKTOP-8BKLK0F/C/Program Files/Epic Games/UE_4.16/Engine/Binaries
[2017.10.11-00.05.21:010][472]LogTemp: IPP ERROR: Could not find provision directory 'C:\Users\ANRI\AppData\Local/Apple Computer/MobileDevice/Provisioning Profiles/'.
[2017.10.11-00.06.04:685][493]LogSlate: Only BGRA pngs, bmps or icos are supported in by External Image Picker
[2017.10.11-00.06.04:734][496]LogTemp: Executing iPhonePackager certificates Engine -bundlename com.YourCompany.BattleTank
[2017.10.11-00.06.04:734][496]LogTemp: CWD: C:\Program Files\Epic Games\UE_4.16\Engine\Binaries\DotNET\IOS
[2017.10.11-00.06.04:734][496]LogTemp: Initial Dir: C:\Program Files\Epic Games\UE_4.16
[2017.10.11-00.06.04:734][496]LogTemp: Env CWD: C:\Program Files\Epic Games\UE_4.16\Engine\Binaries\DotNET\IOS
[2017.10.11-00.06.04:735][496]LogTemp: BranchPath = DESKTOP-8BKLK0F/C/Program Files/Epic Games/UE_4.16/Engine/Binaries --- GameBranchPath = DESKTOP-8BKLK0F/C/Program Files/Epic Games/UE_4.16/Engine/Binaries
[2017.10.11-00.06.04:753][497]LogTemp: IPP ERROR: Could not find provision directory 'C:\Users\ANRI\AppData\Local/Apple Computer/MobileDevice/Provisioning Profiles/'.
[2017.10.11-00.06.25:477][189]LogSlate: Took 0.000167 seconds to synchronously load lazily loaded font '../../../Engine/Content/Slate/Fonts/Roboto-Light.ttf' (159K)
[2017.10.11-00.07.31:894][950]LogEditorViewport: Clicking on Actor (LMB): StaticMeshActor (Floor)
[2017.10.11-00.07.32:780][989]Cmd: DELETE
[2017.10.11-00.07.32:780][989]Cmd: ACTOR DELETE
[2017.10.11-00.07.32:785][989]LogEditorActor: Deleted Actor: StaticMeshActor
[2017.10.11-00.07.32:799][989]LogEditorActor: Deleted 1 Actors (0.018 secs)
[2017.10.11-00.08.31:136][663]LogEditorViewport: Clicking on Actor (context menu): BP_Sky_Sphere_C (Sky Sphere)
[2017.10.11-00.08.42:862][282]LogEditorViewport: Clicking on Actor (context menu): BP_Sky_Sphere_C (Sky Sphere)
[2017.10.11-00.08.47:850][575]Cmd: CAMERA ALIGN ACTIVEVIEWPORTONLY
[2017.10.11-00.08.49:447][657]Cmd: CAMERA ALIGN ACTIVEVIEWPORTONLY
[2017.10.11-00.08.50:438][708]Cmd: CAMERA ALIGN ACTIVEVIEWPORTONLY
[2017.10.11-00.08.51:774][775]LogEditorViewport: Clicking on Actor (context menu): BP_Sky_Sphere_C (Sky Sphere)
[2017.10.11-00.08.58:713][136]Cmd: TRANSACTION UNDO
[2017.10.11-00.08.58:713][136]LogEditorTransaction: Undo Create Folder
[2017.10.11-00.09.42:508][630]LogRenderer: Reallocating scene render targets to support 1052x512 NumSamples 1 (Frame:4622).
[2017.10.11-00.09.42:638][632]LogRenderer: Reallocating scene render targets to support 1060x512 NumSamples 1 (Frame:4626).
[2017.10.11-00.09.42:692][633]LogRenderer: Reallocating scene render targets to support 1072x512 NumSamples 1 (Frame:4628).
[2017.10.11-00.09.42:875][635]LogRenderer: Reallocating scene render targets to support 1092x512 NumSamples 1 (Frame:4632).
[2017.10.11-00.09.42:923][636]LogRenderer: Reallocating scene render targets to support 1116x512 NumSamples 1 (Frame:4634).
[2017.10.11-00.09.51:931][135]LogEditorViewport: Clicking on Actor (LMB): BP_Sky_Sphere_C (Sky Sphere)
[2017.10.11-00.10.05:857][737]LogMaterial: Missing cached shader map for material LayerVisMaterial, compiling. 
[2017.10.11-00.10.05:882][737]LogMaterial: Missing cached shader map for material SelectBrushMaterial, compiling. 
[2017.10.11-00.10.05:925][737]LogMaterial: Missing cached shader map for material SelectBrushMaterial, compiling. 
[2017.10.11-00.10.05:957][737]LogMaterial: Missing cached shader map for material MaskBrushMaterial, compiling. 
[2017.10.11-00.10.05:992][737]LogMaterial: Missing cached shader map for material LandscapeLayerUsageMaterial, compiling. 
[2017.10.11-00.10.06:024][737]LogMaterial: Missing cached shader map for material CircleBrushMaterial, compiling. 
[2017.10.11-00.10.06:044][737]LogMaterial: Missing cached shader map for material CircleBrushMaterial, compiling. 
[2017.10.11-00.10.06:070][737]LogMaterial: Missing cached shader map for material CircleBrushMaterial, compiling. 
[2017.10.11-00.10.06:091][737]LogMaterial: Missing cached shader map for material CircleBrushMaterial, compiling. 
[2017.10.11-00.10.06:114][737]LogMaterial: Missing cached shader map for material AlphaBrushMaterial, compiling. 
[2017.10.11-00.10.06:144][737]LogMaterial: Missing cached shader map for material CircleBrushMaterial, compiling. 
[2017.10.11-00.10.06:175][737]LogMaterial: Missing cached shader map for material MaskBrushMaterial, compiling. 
[2017.10.11-00.10.06:199][737]LogTexture:Display: Building textures: Texture2D_2 (G8, 128X128)
[2017.10.11-00.10.06:937][770]LogActorComponent: UnregisterComponent: (/Engine/Transient.SphereBrushComponent) Not registered. Aborting.
[2017.10.11-00.10.08:075][821]LogActorComponent: UnregisterComponent: (/Engine/Transient.SphereBrushComponent) Not registered. Aborting.
[2017.10.11-00.10.08:078][821]LogTexture:Display: Building textures: Texture2D_3 (G8, 128X128)
[2017.10.11-00.10.36:964][951]LogActorComponent: UnregisterComponent: (/Engine/Transient.SphereBrushComponent) Not registered. Aborting.
[2017.10.11-00.10.36:966][951]LogTexture:Display: Building textures: Texture2D_4 (G8, 128X128)
[2017.10.11-00.10.50:645][578]LogTexture:Display: Building textures: Texture2D_5 (G8, 128X128)
[2017.10.11-00.12.15:446][ 98]LogEditorViewport: Clicking on Actor (LMB): BP_Sky_Sphere_C (Sky Sphere)
[2017.10.11-00.12.26:650][399]Cmd: TRANSACTION UNDO
[2017.10.11-00.12.26:650][399]LogEditorTransaction: Undo Clicking on Actors
[2017.10.11-00.12.27:095][413]Cmd: TRANSACTION UNDO
[2017.10.11-00.12.27:095][413]LogEditorTransaction: Undo Clicking on Actors
[2017.10.11-00.12.29:376][508]Cmd: TRANSACTION UNDO
[2017.10.11-00.12.29:377][508]LogEditorTransaction: Undo Clicking on Actors
[2017.10.11-00.12.29:603][516]Cmd: TRANSACTION UNDO
[2017.10.11-00.12.29:603][516]LogEditorTransaction: Undo Clicking on Actors (context menu)
[2017.10.11-00.12.29:843][525]Cmd: TRANSACTION UNDO
[2017.10.11-00.12.29:844][525]LogEditorTransaction: Undo Clicking on Actors
[2017.10.11-00.12.30:103][534]Cmd: TRANSACTION UNDO
[2017.10.11-00.12.30:103][534]LogEditorTransaction: Undo Clicking on Actors (context menu)
[2017.10.11-00.12.30:385][545]Cmd: TRANSACTION UNDO
[2017.10.11-00.12.30:385][545]LogEditorTransaction: Undo Clicking on Actors
[2017.10.11-00.12.30:637][554]Cmd: TRANSACTION UNDO
[2017.10.11-00.12.30:637][554]LogEditorTransaction: Undo Clicking on Actors (context menu)
[2017.10.11-00.12.30:826][561]Cmd: TRANSACTION UNDO
[2017.10.11-00.12.30:827][561]LogEditorTransaction: Undo Delete Actors
[2017.10.11-00.12.31:046][569]Cmd: TRANSACTION UNDO
[2017.10.11-00.12.31:047][569]LogEditorTransaction: Undo Clicking on Actors
[2017.10.11-00.12.33:268][648]Cmd: TRANSACTION UNDO
[2017.10.11-00.12.33:268][648]LogEditorTransaction: Undo Edit Editor Startup Map
[2017.10.11-00.12.33:866][669]Cmd: TRANSACTION UNDO
[2017.10.11-00.12.33:867][669]LogEditorTransaction: Undo Edit Editor Startup Map
[2017.10.11-00.12.35:180][715]Cmd: TRANSACTION REDO
[2017.10.11-00.12.35:180][715]LogEditorTransaction: Redo Edit Editor Startup Map
[2017.10.11-00.12.35:636][731]Cmd: TRANSACTION REDO
[2017.10.11-00.12.35:636][731]LogEditorTransaction: Redo Edit Editor Startup Map
[2017.10.11-00.12.35:810][737]Cmd: TRANSACTION REDO
[2017.10.11-00.12.35:810][737]LogEditorTransaction: Redo Clicking on Actors
[2017.10.11-00.12.35:969][743]Cmd: TRANSACTION REDO
[2017.10.11-00.12.35:969][743]LogEditorTransaction: Redo Delete Actors
[2017.10.11-00.12.36:127][749]Cmd: TRANSACTION REDO
[2017.10.11-00.12.36:127][749]LogEditorTransaction: Redo Clicking on Actors (context menu)
[2017.10.11-00.12.36:296][755]Cmd: TRANSACTION REDO
[2017.10.11-00.12.36:297][755]LogEditorTransaction: Redo Clicking on Actors
[2017.10.11-00.12.36:666][769]Cmd: TRANSACTION REDO
[2017.10.11-00.12.36:667][769]LogEditorTransaction: Redo Clicking on Actors (context menu)
[2017.10.11-00.12.36:862][776]Cmd: TRANSACTION REDO
[2017.10.11-00.12.36:862][776]LogEditorTransaction: Redo Clicking on Actors
[2017.10.11-00.12.37:001][781]Cmd: TRANSACTION REDO
[2017.10.11-00.12.37:001][781]LogEditorTransaction: Redo Clicking on Actors (context menu)
[2017.10.11-00.12.37:140][786]Cmd: TRANSACTION REDO
[2017.10.11-00.12.37:140][786]LogEditorTransaction: Redo Clicking on Actors
[2017.10.11-00.12.37:897][813]Cmd: TRANSACTION REDO
[2017.10.11-00.12.37:897][813]LogEditorTransaction: Redo Clicking on Actors
[2017.10.11-00.12.43:987][924]LogTexture:Display: Building textures: Texture2D_0 (BGRA8, 512X512)
[2017.10.11-00.12.44:002][924]LogTexture:Display: Building textures: Texture2D_1 (BGRA8, 512X512)
[2017.10.11-00.12.44:015][924]LogTexture:Display: Building textures: Texture2D_2 (BGRA8, 512X512)
[2017.10.11-00.12.44:027][924]LogTexture:Display: Building textures: Texture2D_3 (BGRA8, 512X512)
[2017.10.11-00.12.44:040][924]LogTexture:Display: Building textures: Texture2D_4 (BGRA8, 512X512)
[2017.10.11-00.12.44:052][924]LogTexture:Display: Building textures: Texture2D_5 (BGRA8, 512X512)
[2017.10.11-00.12.44:065][924]LogTexture:Display: Building textures: Texture2D_6 (BGRA8, 512X512)
[2017.10.11-00.12.44:076][924]LogTexture:Display: Building textures: Texture2D_7 (BGRA8, 512X512)
[2017.10.11-00.12.44:089][924]LogTexture:Display: Building textures: Texture2D_8 (BGRA8, 512X512)
[2017.10.11-00.12.44:101][924]LogTexture:Display: Building textures: Texture2D_9 (BGRA8, 512X512)
[2017.10.11-00.12.44:113][924]LogTexture:Display: Building textures: Texture2D_10 (BGRA8, 512X512)
[2017.10.11-00.12.44:125][924]LogTexture:Display: Building textures: Texture2D_11 (BGRA8, 512X512)
[2017.10.11-00.12.44:137][924]LogTexture:Display: Building textures: Texture2D_12 (BGRA8, 512X512)
[2017.10.11-00.12.44:149][924]LogTexture:Display: Building textures: Texture2D_13 (BGRA8, 512X512)
[2017.10.11-00.12.44:161][924]LogTexture:Display: Building textures: Texture2D_14 (BGRA8, 512X512)
[2017.10.11-00.12.44:174][924]LogTexture:Display: Building textures: Texture2D_15 (BGRA8, 512X512)
[2017.10.11-00.12.44:187][924]LogMaterial: Missing cached shader map for material WorldGridMaterial, compiling. Is special engine material.
[2017.10.11-00.13.11:510][499]LogEditorViewport: Clicking on Actor (context menu): Landscape (Landscape)
[2017.10.11-00.13.26:753][924]Cmd: TRANSACTION UNDO
[2017.10.11-00.13.26:754][924]LogEditorTransaction: Undo Landscape Editing: Sculpt
[2017.10.11-00.13.26:899][924]LogTexture:Display: Building textures: Texture2D_6 (BGRA8, 512X512)
[2017.10.11-00.13.27:020][924]LogTexture:Display: Building textures: Texture2D_5 (BGRA8, 512X512)
[2017.10.11-00.13.27:238][924]Cmd: TRANSACTION UNDO
[2017.10.11-00.13.27:238][924]LogEditorTransaction: Undo Landscape Editing: Sculpt
[2017.10.11-00.13.27:320][924]LogTexture:Display: Building textures: Texture2D_9 (BGRA8, 512X512)
[2017.10.11-00.13.27:411][924]LogTexture:Display: Building textures: Texture2D_5 (BGRA8, 512X512)
[2017.10.11-00.13.27:621][924]Cmd: TRANSACTION UNDO
[2017.10.11-00.13.27:621][924]LogEditorTransaction: Undo Landscape Editing: Sculpt
[2017.10.11-00.13.27:702][924]LogTexture:Display: Building textures: Texture2D_6 (BGRA8, 512X512)
[2017.10.11-00.13.27:911][924]Cmd: TRANSACTION UNDO
[2017.10.11-00.13.27:911][924]LogEditorTransaction: Undo Landscape Editing: Sculpt
[2017.10.11-00.13.27:992][924]LogTexture:Display: Building textures: Texture2D_6 (BGRA8, 512X512)
[2017.10.11-00.13.28:092][924]LogTexture:Display: Building textures: Texture2D_10 (BGRA8, 512X512)
[2017.10.11-00.13.28:307][924]Cmd: TRANSACTION UNDO
[2017.10.11-00.13.28:307][924]LogEditorTransaction: Undo Landscape Editing: Sculpt
[2017.10.11-00.13.28:390][924]LogTexture:Display: Building textures: Texture2D_10 (BGRA8, 512X512)
[2017.10.11-00.13.28:606][924]Cmd: TRANSACTION UNDO
[2017.10.11-00.13.28:606][924]LogEditorTransaction: Undo Landscape Editing: Sculpt
[2017.10.11-00.13.28:691][924]LogTexture:Display: Building textures: Texture2D_6 (BGRA8, 512X512)
[2017.10.11-00.13.28:904][924]Cmd: TRANSACTION UNDO
[2017.10.11-00.13.28:904][924]LogEditorTransaction: Undo Clicking on Actors (context menu)
[2017.10.11-00.13.29:055][924]Cmd: TRANSACTION UNDO
[2017.10.11-00.13.29:055][924]LogEditorTransaction: Undo Landscape Editing: Sculpt
[2017.10.11-00.13.29:137][924]LogTexture:Display: Building textures: Texture2D_6 (BGRA8, 512X512)
[2017.10.11-00.13.29:230][924]LogTexture:Display: Building textures: Texture2D_10 (BGRA8, 512X512)
[2017.10.11-00.13.29:394][924]Cmd: TRANSACTION UNDO
[2017.10.11-00.13.29:394][924]LogEditorTransaction: Undo Landscape Editing: Sculpt
[2017.10.11-00.13.29:483][924]LogTexture:Display: Building textures: Texture2D_10 (BGRA8, 512X512)
[2017.10.11-00.13.29:574][924]LogTexture:Display: Building textures: Texture2D_9 (BGRA8, 512X512)
[2017.10.11-00.13.29:665][924]LogTexture:Display: Building textures: Texture2D_6 (BGRA8, 512X512)
[2017.10.11-00.13.29:761][924]LogTexture:Display: Building textures: Texture2D_5 (BGRA8, 512X512)
[2017.10.11-00.13.29:927][924]Cmd: TRANSACTION UNDO
[2017.10.11-00.13.29:927][924]LogEditorTransaction: Undo Landscape Editing: Sculpt
[2017.10.11-00.13.30:413][924]Cmd: TRANSACTION UNDO
[2017.10.11-00.13.30:413][924]LogEditorTransaction: Undo Creating New Landscape
[2017.10.11-00.13.30:999][924]Cmd: TRANSACTION UNDO
[2017.10.11-00.13.30:999][924]LogEditorTransaction: Undo Clicking on Actors
[2017.10.11-00.13.31:006][924]Cmd: TRANSACTION UNDO
[2017.10.11-00.13.31:006][924]LogEditorTransaction: Undo Clicking on Actors
[2017.10.11-00.13.31:248][933]Cmd: TRANSACTION UNDO
[2017.10.11-00.13.31:249][933]LogEditorTransaction: Undo Clicking on Actors (context menu)
[2017.10.11-00.13.36:049][134]LogActorComponent: UnregisterComponent: (/Engine/Transient.SphereBrushComponent) Not registered. Aborting.
[2017.10.11-00.13.36:052][134]LogTexture:Display: Building textures: Texture2D_6 (G8, 128X128)
[2017.10.11-00.13.39:245][265]LogEditorViewport: Clicking on Actor (LMB): BP_Sky_Sphere_C (Sky Sphere)
[2017.10.11-00.13.40:193][302]LogEditorViewport: Clicking on Actor (context menu): BP_Sky_Sphere_C (Sky Sphere)
[2017.10.11-00.13.41:653][381]LogEditorViewport: Clicking on Actor (LMB): BP_Sky_Sphere_C (Sky Sphere)
[2017.10.11-00.13.42:519][416]Cmd: CAMERA ALIGN ACTIVEVIEWPORTONLY
[2017.10.11-00.13.42:519][416]Can't find target actor or component.
[2017.10.11-00.13.42:796][427]Cmd: CAMERA ALIGN ACTIVEVIEWPORTONLY
[2017.10.11-00.13.42:796][427]Can't find target actor or component.
[2017.10.11-00.13.43:364][446]Cmd: CAMERA ALIGN ACTIVEVIEWPORTONLY
[2017.10.11-00.13.43:364][446]Can't find target actor or component.
[2017.10.11-00.13.43:856][465]LogEditorViewport: Clicking on Actor (LMB): BP_Sky_Sphere_C (Sky Sphere)
[2017.10.11-00.13.54:162][848]LogTexture:Display: Building textures: Texture2D_16 (BGRA8, 512X512)
[2017.10.11-00.13.54:176][848]LogTexture:Display: Building textures: Texture2D_17 (BGRA8, 512X512)
[2017.10.11-00.13.54:190][848]LogTexture:Display: Building textures: Texture2D_18 (BGRA8, 512X512)
[2017.10.11-00.13.54:203][848]LogTexture:Display: Building textures: Texture2D_19 (BGRA8, 512X512)
[2017.10.11-00.13.54:215][848]LogTexture:Display: Building textures: Texture2D_20 (BGRA8, 512X512)
[2017.10.11-00.13.54:229][848]LogTexture:Display: Building textures: Texture2D_21 (BGRA8, 512X512)
[2017.10.11-00.13.54:242][848]LogTexture:Display: Building textures: Texture2D_22 (BGRA8, 512X512)
[2017.10.11-00.13.54:255][848]LogTexture:Display: Building textures: Texture2D_23 (BGRA8, 512X512)
[2017.10.11-00.13.54:270][848]LogTexture:Display: Building textures: Texture2D_24 (BGRA8, 512X512)
[2017.10.11-00.13.54:283][848]LogTexture:Display: Building textures: Texture2D_25 (BGRA8, 512X512)
[2017.10.11-00.13.54:296][848]LogTexture:Display: Building textures: Texture2D_26 (BGRA8, 512X512)
[2017.10.11-00.13.54:309][848]LogTexture:Display: Building textures: Texture2D_27 (BGRA8, 512X512)
[2017.10.11-00.13.54:322][848]LogTexture:Display: Building textures: Texture2D_28 (BGRA8, 512X512)
[2017.10.11-00.13.54:336][848]LogTexture:Display: Building textures: Texture2D_29 (BGRA8, 512X512)
[2017.10.11-00.13.54:360][848]LogTexture:Display: Building textures: Texture2D_30 (BGRA8, 512X512)
[2017.10.11-00.13.54:379][848]LogTexture:Display: Building textures: Texture2D_31 (BGRA8, 512X512)
[2017.10.11-00.15.11:094][576]LogEditorActor: Deleted Actor: Landscape
[2017.10.11-00.15.11:422][576]LogEditorActor: Deleted 1 Actors (0.331 secs)
[2017.10.11-00.15.12:888][643]LogSavePackage: Save=83.76ms
[2017.10.11-00.15.12:889][643]LogSavePackage: Moving '../../../../../../Users/ANRI/Desktop/Unreal Projects/04_BattleTank/BattleTank/Saved/BattleGround_Auto1B2C5F09542C222543C1E4AA9A715BE95.tmp' to '../../../../../../Users/ANRI/Desktop/Unreal Projects/04_BattleTank/BattleTank/Saved/Autosaves/Game/BattleGround_Auto1.umap'
[2017.10.11-00.15.12:890][643]LogSavePackage:Display: Finished SavePackage ../../../../../../Users/ANRI/Desktop/Unreal Projects/04_BattleTank/BattleTank/Saved/Autosaves/Game/BattleGround_Auto1.umap
[2017.10.11-00.15.12:893][643]LogFileHelpers: Editor autosave (incl. sublevels) for '/Game/BattleGround' took 0.120
[2017.10.11-00.15.12:893][643]LogFileHelpers: Editor autosave (incl. sublevels) for all levels took 0.120
[2017.10.11-00.17.20:280][126]LogSavePackage: Save=73.69ms
[2017.10.11-00.17.20:280][126]LogSavePackage: Moving '../../../../../../Users/ANRI/Desktop/Unreal Projects/04_BattleTank/BattleTank/Saved/BattleGround0154F80C4B106998F044F19BF4F7C056.tmp' to '../../../../../../Users/ANRI/Desktop/Unreal Projects/04_BattleTank/BattleTank/Content/BattleGround.umap'
[2017.10.11-00.17.20:290][126]LogSavePackage:Display: Finished SavePackage ../../../../../../Users/ANRI/Desktop/Unreal Projects/04_BattleTank/BattleTank/Content/BattleGround.umap
[2017.10.11-00.17.23:134][266]Cmd: CAMERA ALIGN ACTIVEVIEWPORTONLY
[2017.10.11-00.17.23:135][266]Can't find target actor or component.
[2017.10.11-00.17.25:982][394]Cmd: QUIT_EDITOR
[2017.10.11-00.17.25:994][394]LogWindowsTextInputMethodSystem:Display: IME system now deactivated.
[2017.10.11-00.17.26:006][394]LogExit: Preparing to exit.
[2017.10.11-00.17.26:932][394]LogDirectoryWatcher: A directory notification for 'C:/Users/ANRI/Desktop/Unreal Projects/04_BattleTank/BattleTank/Content/' was aborted.
[2017.10.11-00.17.26:948][394]LogExit: Editor shut down
[2017.10.11-00.17.26:952][394]LogExit: Transaction tracking system shut down
[2017.10.11-00.17.27:013][394]LogObj: Freed 0b from 0 cluster array pools.
[2017.10.11-00.17.27:013][394]LogExit: Object subsystem successfully closed.
[2017.10.11-00.17.27:066][394]LogD3D11RHI: Shutdown
[2017.10.11-00.17.27:066][394]LogD3D11RHI: CleanupD3DDevice
[2017.10.11-00.17.28:078][394]LogD3D11RHI: ~FD3D11DynamicRHI
[2017.10.11-00.17.28:097][394]LogModuleManager: Shutting down and abandoning module ExternalImagePicker (528)
[2017.10.11-00.17.28:097][394]LogModuleManager: Shutting down and abandoning module HierarchicalLODOutliner (526)
[2017.10.11-00.17.28:097][394]LogModuleManager: Shutting down and abandoning module CrashTracker (524)
[2017.10.11-00.17.28:097][394]LogModuleManager: Shutting down and abandoning module AddContentDialog (522)
[2017.10.11-00.17.28:097][394]LogDirectoryWatcher: A directory notification for 'C:/Program Files/Epic Games/UE_4.16/FeaturePacks/' was aborted.
[2017.10.11-00.17.28:098][394]LogModuleManager: Shutting down and abandoning module WidgetCarousel (521)
[2017.10.11-00.17.28:098][394]LogModuleManager: Shutting down and abandoning module EditorWidgets (518)
[2017.10.11-00.17.28:098][394]LogModuleManager: Shutting down and abandoning module CollectionManager (516)
[2017.10.11-00.17.28:098][394]LogDirectoryWatcher: A directory notification for 'C:/Users/ANRI/Desktop/Unreal Projects/04_BattleTank/BattleTank/Content/Collections/' was aborted.
[2017.10.11-00.17.28:098][394]LogDirectoryWatcher: A directory notification for 'C:/Users/ANRI/Desktop/Unreal Projects/04_BattleTank/BattleTank/Content/Developers/Anry/Collections/' was aborted.
[2017.10.11-00.17.28:098][394]LogDirectoryWatcher: A directory notification for 'C:/Users/ANRI/Desktop/Unreal Projects/04_BattleTank/BattleTank/Saved/Collections/' was aborted.
[2017.10.11-00.17.28:098][394]LogModuleManager: Shutting down and abandoning module SceneOutliner (514)
[2017.10.11-00.17.28:098][394]LogModuleManager: Shutting down and abandoning module StatsViewer (512)
[2017.10.11-00.17.28:098][394]LogModuleManager: Shutting down and abandoning module FoliageEdit (510)
[2017.10.11-00.17.28:098][394]LogModuleManager: Shutting down and abandoning module LandscapeEditor (508)
[2017.10.11-00.17.28:098][394]LogModuleManager: Shutting down and abandoning module MeshPaintMode (506)
[2017.10.11-00.17.28:098][394]LogModuleManager: Shutting down and abandoning module SceneDepthPickerMode (504)
[2017.10.11-00.17.28:098][394]LogModuleManager: Shutting down and abandoning module ActorPickerMode (502)
[2017.10.11-00.17.28:098][394]LogModuleManager: Shutting down and abandoning module GeometryMode (500)
[2017.10.11-00.17.28:098][394]LogModuleManager: Shutting down and abandoning module TextureAlignMode (498)
[2017.10.11-00.17.28:098][394]LogModuleManager: Shutting down and abandoning module BspMode (496)
[2017.10.11-00.17.28:098][394]LogModuleManager: Shutting down and abandoning module HardwareSurvey (494)
[2017.10.11-00.17.28:098][394]LogModuleManager: Shutting down and abandoning module SequenceRecorderSections (492)
[2017.10.11-00.17.28:098][394]LogModuleManager: Shutting down and abandoning module AutomationWorker (490)
[2017.10.11-00.17.28:098][394]LogModuleManager: Shutting down and abandoning module MatineeToLevelSequence (488)
[2017.10.11-00.17.28:098][394]LogModuleManager: Shutting down and abandoning module LevelSequenceEditor (486)
[2017.10.11-00.17.28:099][394]LogModuleManager: Shutting down and abandoning module PlacementMode (485)
[2017.10.11-00.17.28:099][394]LogModuleManager: Shutting down and abandoning module WmfMediaFactory (482)
[2017.10.11-00.17.28:099][394]LogModuleManager: Shutting down and abandoning module WmfMediaEditor (480)
[2017.10.11-00.17.28:099][394]LogModuleManager: Shutting down and abandoning module AvfMediaFactory (478)
[2017.10.11-00.17.28:099][394]LogModuleManager: Shutting down and abandoning module AvfMediaEditor (476)
[2017.10.11-00.17.28:099][394]LogModuleManager: Shutting down and abandoning module AndroidMediaFactory (474)
[2017.10.11-00.17.28:099][394]LogModuleManager: Shutting down and abandoning module Media (473)
[2017.10.11-00.17.28:099][394]LogModuleManager: Shutting down and abandoning module AndroidMediaEditor (470)
[2017.10.11-00.17.28:099][394]LogModuleManager: Shutting down and abandoning module CharacterAI (468)
[2017.10.11-00.17.28:099][394]LogModuleManager: Shutting down and abandoning module AudioCapture (466)
[2017.10.11-00.17.28:099][394]LogModuleManager: Shutting down and abandoning module SequenceRecorder (465)
[2017.10.11-00.17.28:099][394]LogModuleManager: Shutting down and abandoning module SmartSnapping (462)
[2017.10.11-00.17.28:099][394]LogModuleManager: Shutting down and abandoning module SessionServices (460)
[2017.10.11-00.17.28:099][394]LogModuleManager: Shutting down and abandoning module ViewportSnapping (458)
[2017.10.11-00.17.28:099][394]LogModuleManager: Shutting down and abandoning module ViewportInteraction (456)
[2017.10.11-00.17.28:099][394]LogModuleManager: Shutting down and abandoning module ClothPainter (454)
[2017.10.11-00.17.28:099][394]LogModuleManager: Shutting down and abandoning module LogVisualizer (452)
[2017.10.11-00.17.28:099][394]LogModuleManager: Shutting down and abandoning module IntroTutorials (450)
[2017.10.11-00.17.28:099][394]LogModuleManager: Shutting down and abandoning module GameProjectGeneration (449)
[2017.10.11-00.17.28:099][394]LogModuleManager: Shutting down and abandoning module EditorLiveStreaming (446)
[2017.10.11-00.17.28:099][394]LogModuleManager: Shutting down and abandoning module IOSPlatformEditor (444)
[2017.10.11-00.17.28:099][394]LogModuleManager: Shutting down and abandoning module HTML5PlatformEditor (442)
[2017.10.11-00.17.28:099][394]LogModuleManager: Shutting down and abandoning module AndroidPlatformEditor (440)
[2017.10.11-00.17.28:099][394]LogModuleManager: Shutting down and abandoning module AndroidDeviceDetection (439)
[2017.10.11-00.17.28:298][394]LogModuleManager: Shutting down and abandoning module IOSRuntimeSettings (436)
[2017.10.11-00.17.28:298][394]LogModuleManager: Shutting down and abandoning module AndroidRuntimeSettings (434)
[2017.10.11-00.17.28:298][394]LogModuleManager: Shutting down and abandoning module InputBindingEditor (432)
[2017.10.11-00.17.28:298][394]LogModuleManager: Shutting down and abandoning module MergeActors (430)
[2017.10.11-00.17.28:298][394]LogModuleManager: Shutting down and abandoning module SizeMap (428)
[2017.10.11-00.17.28:298][394]LogModuleManager: Shutting down and abandoning module TreeMap (426)
[2017.10.11-00.17.28:299][394]LogModuleManager: Shutting down and abandoning module ReferenceViewer (424)
[2017.10.11-00.17.28:299][394]LogModuleManager: Shutting down and abandoning module LocalizationDashboard (422)
[2017.10.11-00.17.28:299][394]LogModuleManager: Shutting down and abandoning module LocalizationService (421)
[2017.10.11-00.17.28:299][394]LogModuleManager: Shutting down and abandoning module HardwareTargeting (418)
[2017.10.11-00.17.28:299][394]LogModuleManager: Shutting down and abandoning module DeviceProfileEditor (416)
[2017.10.11-00.17.28:299][394]LogModuleManager: Shutting down and abandoning module UndoHistory (414)
[2017.10.11-00.17.28:299][394]LogModuleManager: Shutting down and abandoning module UserFeedback (412)
[2017.10.11-00.17.28:299][394]LogModuleManager: Shutting down and abandoning module XmlParser (410)
[2017.10.11-00.17.28:299][394]LogModuleManager: Shutting down and abandoning module Blutility (408)
[2017.10.11-00.17.28:299][394]LogModuleManager: Shutting down and abandoning module ProjectSettingsViewer (406)
[2017.10.11-00.17.28:299][394]LogModuleManager: Shutting down and abandoning module ProjectTargetPlatformEditor (405)
[2017.10.11-00.17.28:299][394]LogModuleManager: Shutting down and abandoning module EditorSettingsViewer (402)
[2017.10.11-00.17.28:299][394]LogModuleManager: Shutting down and abandoning module SettingsEditor (400)
[2017.10.11-00.17.28:299][394]LogModuleManager: Shutting down and abandoning module ProjectLauncher (398)
[2017.10.11-00.17.28:299][394]LogModuleManager: Shutting down and abandoning module SessionFrontend (396)
[2017.10.11-00.17.28:299][394]LogModuleManager: Shutting down and abandoning module ProfilerClient (394)
[2017.10.11-00.17.28:299][394]LogModuleManager: Shutting down and abandoning module DeviceManager (392)
[2017.10.11-00.17.28:299][394]LogModuleManager: Shutting down and abandoning module TargetDeviceServices (391)
[2017.10.11-00.17.28:353][394]LogModuleManager: Shutting down and abandoning module AutomationController (388)
[2017.10.11-00.17.28:353][394]LogModuleManager: Shutting down and abandoning module AutomationWindow (386)
[2017.10.11-00.17.28:353][394]LogModuleManager: Shutting down and abandoning module Layers (384)
[2017.10.11-00.17.28:353][394]LogModuleManager: Shutting down and abandoning module ComponentVisualizers (382)
[2017.10.11-00.17.28:353][394]LogModuleManager: Shutting down and abandoning module DetailCustomizations (380)
[2017.10.11-00.17.28:353][394]LogModuleManager: Shutting down and abandoning module PackagesDialog (378)
[2017.10.11-00.17.28:353][394]LogModuleManager: Shutting down and abandoning module Persona (376)
[2017.10.11-00.17.28:353][394]LogModuleManager: Shutting down and abandoning module AdvancedPreviewScene (375)
[2017.10.11-00.17.28:353][394]LogModuleManager: Shutting down and abandoning module AnimGraph (373)
[2017.10.11-00.17.28:353][394]LogModuleManager: Shutting down and abandoning module Kismet (370)
[2017.10.11-00.17.28:353][394]LogModuleManager: Shutting down and abandoning module ClassViewer (368)
[2017.10.11-00.17.28:355][394]LogModuleManager: Shutting down and abandoning module Toolbox (366)
[2017.10.11-00.17.28:355][394]LogModuleManager: Shutting down and abandoning module ModuleUI (364)
[2017.10.11-00.17.28:355][394]LogModuleManager: Shutting down and abandoning module MovieSceneTools (362)
[2017.10.11-00.17.28:355][394]LogModuleManager: Shutting down and abandoning module OutputLog (360)
[2017.10.11-00.17.28:355][394]LogModuleManager: Shutting down and abandoning module GammaUI (358)
[2017.10.11-00.17.28:355][394]LogModuleManager: Shutting down and abandoning module Documentation (356)
[2017.10.11-00.17.28:355][394]LogModuleManager: Shutting down and abandoning module MovieSceneTracks (354)
[2017.10.11-00.17.28:355][394]LogModuleManager: Shutting down and abandoning module MovieScene (352)
[2017.10.11-00.17.28:355][394]LogModuleManager: Shutting down and abandoning module Niagara (350)
[2017.10.11-00.17.28:355][394]LogModuleManager: Shutting down and abandoning module NiagaraEditor (349)
[2017.10.11-00.17.28:355][394]LogModuleManager: Shutting down and abandoning module StreamingPauseRendering (346)
[2017.10.11-00.17.28:355][394]LogModuleManager: Shutting down and abandoning module AnalyticsET (344)
[2017.10.11-00.17.28:355][394]LogModuleManager: Shutting down and abandoning module PortalServices (342)
[2017.10.11-00.17.28:355][394]LogModuleManager: Shutting down and abandoning module PortalRpc (340)
[2017.10.11-00.17.28:355][394]LogModuleManager: Shutting down and abandoning module MessagingRpc (338)
[2017.10.11-00.17.28:355][394]LogModuleManager: Shutting down and abandoning module AIModule (336)
[2017.10.11-00.17.28:355][394]LogModuleManager: Shutting down and abandoning module GameplayDebugger (335)
[2017.10.11-00.17.28:355][394]LogModuleManager: Shutting down and abandoning module AITestSuite (333)
[2017.10.11-00.17.28:355][394]LogModuleManager: Shutting down and abandoning module ProfilerService (330)
[2017.10.11-00.17.28:551][394]LogModuleManager: Shutting down and abandoning module TaskGraph (328)
[2017.10.11-00.17.28:551][394]LogModuleManager: Shutting down and abandoning module SteamVRController (326)
[2017.10.11-00.17.28:551][394]LogModuleManager: Shutting down and abandoning module SteamVR (324)
[2017.10.11-00.17.28:551][394]LogModuleManager: Shutting down and abandoning module ProceduralMeshComponentEditor (322)
[2017.10.11-00.17.28:551][394]LogModuleManager: Shutting down and abandoning module ProceduralMeshComponent (320)
[2017.10.11-00.17.28:551][394]LogModuleManager: Shutting down and abandoning module OculusLibrary (318)
[2017.10.11-00.17.28:551][394]LogModuleManager: Shutting down and abandoning module OculusInput (316)
[2017.10.11-00.17.28:551][394]LogModuleManager: Shutting down and abandoning module MobilePatchingUtils (314)
[2017.10.11-00.17.28:551][394]LogModuleManager: Shutting down and abandoning module CustomMeshComponent (312)
[2017.10.11-00.17.28:551][394]LogModuleManager: Shutting down and abandoning module CableComponent (310)
[2017.10.11-00.17.28:551][394]LogModuleManager: Shutting down and abandoning module ArchVisCharacter (308)
[2017.10.11-00.17.28:551][394]LogModuleManager: Shutting down and abandoning module AndroidPermission (306)
[2017.10.11-00.17.28:551][394]LogModuleManager: Shutting down and abandoning module MediaPlayerEditor (302)
[2017.10.11-00.17.28:551][394]LogModuleManager: Shutting down and abandoning module HTML5Networking (300)
[2017.10.11-00.17.28:551][394]LogModuleManager: Shutting down and abandoning module AlembicImporter (298)
[2017.10.11-00.17.28:551][394]LogModuleManager: Shutting down and abandoning module AlembicLibrary (297)
[2017.10.11-00.17.28:551][394]LogModuleManager: Shutting down and abandoning module GeometryCache (296)
[2017.10.11-00.17.28:551][394]LogModuleManager: Shutting down and abandoning module GeometryCacheEd (295)
[2017.10.11-00.17.28:551][394]LogModuleManager: Shutting down and abandoning module SuperSearchEditor (290)
[2017.10.11-00.17.28:551][394]LogModuleManager: Shutting down and abandoning module SuperSearch (289)
[2017.10.11-00.17.28:551][394]LogModuleManager: Shutting down and abandoning module SpeedTreeImporter (286)
[2017.10.11-00.17.28:551][394]LogModuleManager: Shutting down and abandoning module PluginBrowser (284)
[2017.10.11-00.17.28:551][394]LogModuleManager: Shutting down and abandoning module MobileLauncherProfileWizard (282)
[2017.10.11-00.17.28:551][394]LogModuleManager: Shutting down and abandoning module VisualStudioSourceCodeAccess (280)
[2017.10.11-00.17.28:551][394]LogModuleManager: Shutting down and abandoning module DesktopPlatform (279)
[2017.10.11-00.17.28:551][394]LogModuleManager: Shutting down and abandoning module UObjectPlugin (276)
[2017.10.11-00.17.28:551][394]LogModuleManager: Shutting down and abandoning module SubversionSourceControl (274)
[2017.10.11-00.17.28:551][394]LogModuleManager: Shutting down and abandoning module PerforceSourceControl (272)
[2017.10.11-00.17.28:551][394]LogModuleManager: Shutting down and abandoning module GitSourceControl (270)
[2017.10.11-00.17.28:551][394]LogModuleManager: Shutting down and abandoning module SourceControl (269)
[2017.10.11-00.17.28:551][394]LogModuleManager: Shutting down and abandoning module LightPropagationVolumeEditor (266)
[2017.10.11-00.17.28:551][394]LogModuleManager: Shutting down and abandoning module PaperTiledImporter (264)
[2017.10.11-00.17.28:551][394]LogModuleManager: Shutting down and abandoning module PaperSpriteSheetImporter (262)
[2017.10.11-00.17.28:551][394]LogModuleManager: Shutting down and abandoning module Paper2DEditor (260)
[2017.10.11-00.17.28:551][394]LogModuleManager: Shutting down and abandoning module MeshPaint (259)
[2017.10.11-00.17.28:551][394]LogModuleManager: Shutting down and abandoning module LevelEditor (257)
[2017.10.11-00.17.28:552][394]LogModuleManager: Shutting down and abandoning module PixelInspectorModule (256)
[2017.10.11-00.17.28:552][394]LogModuleManager: Shutting down and abandoning module MainFrame (254)
[2017.10.11-00.17.28:552][394]LogModuleManager: Shutting down and abandoning module HotReload (253)
[2017.10.11-00.17.28:552][394]LogDirectoryWatcher: A directory notification for 'C:/Users/ANRI/Desktop/Unreal Projects/04_BattleTank/BattleTank/Binaries/Win64' was aborted.
[2017.10.11-00.17.28:552][394]LogModuleManager: Shutting down and abandoning module BattleTank (248)
[2017.10.11-00.17.28:552][394]LogModuleManager: Shutting down and abandoning module PhysXVehiclesEditor (246)
[2017.10.11-00.17.28:552][394]LogModuleManager: Shutting down and abandoning module PhysXVehicles (244)
[2017.10.11-00.17.28:552][394]LogModuleManager: Shutting down and abandoning module LocationServicesBPLibrary (242)
[2017.10.11-00.17.28:552][394]LogModuleManager: Shutting down and abandoning module ImmediatePhysicsEditor (240)
[2017.10.11-00.17.28:552][394]LogModuleManager: Shutting down and abandoning module ImmediatePhysics (238)
[2017.10.11-00.17.28:552][394]LogModuleManager: Shutting down and abandoning module UdpMessaging (236)
[2017.10.11-00.17.28:653][394]LogModuleManager: Shutting down and abandoning module TcpMessaging (234)
[2017.10.11-00.17.28:753][394]LogModuleManager: Shutting down and abandoning module GameplayTagsEditor (232)
[2017.10.11-00.17.28:753][394]LogModuleManager: Shutting down and abandoning module FacialAnimationEditor (230)
[2017.10.11-00.17.28:753][394]LogModuleManager: Shutting down and abandoning module FacialAnimation (228)
[2017.10.11-00.17.28:753][394]LogModuleManager: Shutting down and abandoning module AssetManagerEditor (226)
[2017.10.11-00.17.28:753][394]LogModuleManager: Shutting down and abandoning module GraphEditor (225)
[2017.10.11-00.17.28:753][394]LogModuleManager: Shutting down and abandoning module ContentBrowser (223)
[2017.10.11-00.17.28:754][394]LogModuleManager: Shutting down and abandoning module LightPropagationVolumeRuntime (220)
[2017.10.11-00.17.28:754][394]LogModuleManager: Shutting down and abandoning module Paper2D (218)
[2017.10.11-00.17.28:754][394]LogModuleManager: Shutting down and abandoning module WindowsMoviePlayer (216)
[2017.10.11-00.17.28:754][394]LogModuleManager: Shutting down and abandoning module WmfMedia (214)
[2017.10.11-00.17.28:754][394]LogModuleManager: Shutting down and abandoning module ClothingSystemEditor (212)
[2017.10.11-00.17.28:754][394]LogModuleManager: Shutting down and abandoning module ClothingSystemRuntime (210)
[2017.10.11-00.17.28:754][394]LogModuleManager: Shutting down and abandoning module MediaAssets (208)
[2017.10.11-00.17.28:754][394]LogModuleManager: Shutting down and abandoning module GameLiveStreaming (206)
[2017.10.11-00.17.28:754][394]LogModuleManager: Shutting down and abandoning module VREditor (204)
[2017.10.11-00.17.28:754][394]LogModuleManager: Shutting down and abandoning module StringTableEditor (202)
[2017.10.11-00.17.28:754][394]LogModuleManager: Shutting down and abandoning module GameplayTasksEditor (200)
[2017.10.11-00.17.28:754][394]LogModuleManager: Shutting down and abandoning module BehaviorTreeEditor (198)
[2017.10.11-00.17.28:754][394]LogModuleManager: Shutting down and abandoning module FunctionalTesting (196)
[2017.10.11-00.17.28:754][394]LogModuleManager: Shutting down and abandoning module CollisionAnalyzer (194)
[2017.10.11-00.17.28:754][394]LogModuleManager: Shutting down and abandoning module UMG (192)
[2017.10.11-00.17.28:755][394]LogModuleManager: Shutting down and abandoning module UMGEditor (191)
[2017.10.11-00.17.28:755][394]LogModuleManager: Shutting down and abandoning module Sequencer (190)
[2017.10.11-00.17.28:755][394]LogModuleManager: Shutting down and abandoning module AssetTools (188)
[2017.10.11-00.17.28:755][394]LogModuleManager: Shutting down and abandoning module MessageLog (187)
[2017.10.11-00.17.28:755][394]LogModuleManager: Shutting down and abandoning module WorkspaceMenuStructure (186)
[2017.10.11-00.17.28:755][394]LogModuleManager: Shutting down and abandoning module SlateReflector (180)
[2017.10.11-00.17.28:755][394]LogModuleManager: Shutting down and abandoning module Slate (178)
[2017.10.11-00.17.28:755][394]LogModuleManager: Shutting down and abandoning module EditorStyle (176)
[2017.10.11-00.17.28:757][394]LogModuleManager: Shutting down and abandoning module SourceCodeAccess (174)
[2017.10.11-00.17.28:757][394]LogModuleManager: Shutting down and abandoning module HeadMountedDisplay (172)
[2017.10.11-00.17.28:757][394]LogModuleManager: Shutting down and abandoning module XAudio2 (170)
[2017.10.11-00.17.28:757][394]LogModuleManager: Shutting down and abandoning module Networking (168)
[2017.10.11-00.17.28:757][394]LogModuleManager: Shutting down and abandoning module Core (164)
[2017.10.11-00.17.28:757][394]LogModuleManager: Shutting down and abandoning module AssetRegistry (162)
[2017.10.11-00.17.28:841][394]LogDirectoryWatcher: A directory notification for '../../../Engine/Content/' was aborted.
[2017.10.11-00.17.28:841][394]LogDirectoryWatcher: A directory notification for '../../../../../../Users/ANRI/Desktop/Unreal Projects/04_BattleTank/BattleTank/Content/' was aborted.
[2017.10.11-00.17.28:841][394]LogDirectoryWatcher: A directory notification for '../../../Engine/Plugins/2D/Paper2D/Content/' was aborted.
[2017.10.11-00.17.28:841][394]LogDirectoryWatcher: A directory notification for '../../../Engine/Plugins/Runtime/GearVR/Content/' was aborted.
[2017.10.11-00.17.28:843][394]LogModuleManager: Shutting down and abandoning module DirectoryWatcher (161)
[2017.10.11-00.17.28:844][394]LogModuleManager: Shutting down and abandoning module KismetCompiler (158)
[2017.10.11-00.17.28:844][394]LogModuleManager: Shutting down and abandoning module LevelSequence (156)
[2017.10.11-00.17.28:844][394]LogModuleManager: Shutting down and abandoning module PhysXFormats (154)
[2017.10.11-00.17.28:844][394]LogModuleManager: Shutting down and abandoning module MeshUtilities (152)
[2017.10.11-00.17.28:844][394]LogModuleManager: Shutting down and abandoning module SimplygonSwarm (151)
[2017.10.11-00.17.28:844][394]LogModuleManager: Shutting down and abandoning module SimplygonMeshReduction (149)
[2017.10.11-00.17.28:844][394]LogModuleManager: Shutting down and abandoning module QuadricMeshReduction (147)
[2017.10.11-00.17.28:844][394]LogModuleManager: Shutting down and abandoning module DerivedDataCache (144)
[2017.10.11-00.17.28:899][394]LogDerivedDataCache: Shutdown
[2017.10.11-00.17.28:899][394]LogModuleManager: Shutting down and abandoning module TargetPlatform (142)
[2017.10.11-00.17.28:899][394]LogModuleManager: Shutting down and abandoning module VulkanShaderFormat (141)
[2017.10.11-00.17.28:899][394]LogModuleManager: Shutting down and abandoning module ShaderFormatVectorVM (139)
[2017.10.11-00.17.28:899][394]LogModuleManager: Shutting down and abandoning module ShaderFormatOpenGL (137)
[2017.10.11-00.17.28:899][394]LogModuleManager: Shutting down and abandoning module ShaderFormatD3D (135)
[2017.10.11-00.17.28:899][394]LogModuleManager: Shutting down and abandoning module MetalShaderFormat (133)
[2017.10.11-00.17.28:899][394]LogModuleManager: Shutting down and abandoning module TextureFormatUncompressed (131)
[2017.10.11-00.17.28:899][394]LogModuleManager: Shutting down and abandoning module TextureFormatPVR (129)
[2017.10.11-00.17.28:899][394]LogModuleManager: Shutting down and abandoning module TextureFormatDXT (127)
[2017.10.11-00.17.28:899][394]LogModuleManager: Shutting down and abandoning module TextureFormatIntelISPCTexComp (125)
[2017.10.11-00.17.28:899][394]LogModuleManager: Shutting down and abandoning module TextureFormatASTC (123)
[2017.10.11-00.17.28:899][394]LogModuleManager: Shutting down and abandoning module ImageWrapper (122)
[2017.10.11-00.17.28:899][394]LogModuleManager: Shutting down and abandoning module TextureFormatAndroid (119)
[2017.10.11-00.17.28:899][394]LogModuleManager: Shutting down and abandoning module AudioFormatOpus (117)
[2017.10.11-00.17.28:899][394]LogModuleManager: Shutting down and abandoning module AudioFormatOgg (115)
[2017.10.11-00.17.28:899][394]LogModuleManager: Shutting down and abandoning module AudioFormatADPCM (113)
[2017.10.11-00.17.28:899][394]LogModuleManager: Shutting down and abandoning module LinuxTargetPlatform (111)
[2017.10.11-00.17.28:899][394]LogModuleManager: Shutting down and abandoning module LinuxServerTargetPlatform (109)
[2017.10.11-00.17.28:899][394]LogModuleManager: Shutting down and abandoning module LinuxNoEditorTargetPlatform (107)
[2017.10.11-00.17.28:899][394]LogModuleManager: Shutting down and abandoning module LinuxClientTargetPlatform (105)
[2017.10.11-00.17.28:899][394]LogModuleManager: Shutting down and abandoning module TVOSTargetPlatform (103)
[2017.10.11-00.17.28:899][394]LogModuleManager: Shutting down and abandoning module Messaging (101)
[2017.10.11-00.17.28:899][394]LogModuleManager: Shutting down and abandoning module IOSTargetPlatform (99)
[2017.10.11-00.17.28:899][394]LogModuleManager: Shutting down and abandoning module HTML5TargetPlatform (97)
[2017.10.11-00.17.28:899][394]LogModuleManager: Shutting down and abandoning module Android_PVRTCTargetPlatform (95)
[2017.10.11-00.17.28:899][394]LogModuleManager: Shutting down and abandoning module Android_MultiTargetPlatform (93)
[2017.10.11-00.17.28:899][394]LogModuleManager: Shutting down and abandoning module Android_ETC2TargetPlatform (91)
[2017.10.11-00.17.28:899][394]LogModuleManager: Shutting down and abandoning module Android_ETC1TargetPlatform (89)
[2017.10.11-00.17.28:899][394]LogModuleManager: Shutting down and abandoning module Android_DXTTargetPlatform (87)
[2017.10.11-00.17.28:899][394]LogModuleManager: Shutting down and abandoning module Android_ATCTargetPlatform (85)
[2017.10.11-00.17.28:899][394]LogModuleManager: Shutting down and abandoning module Android_ASTCTargetPlatform (83)
[2017.10.11-00.17.28:900][394]LogModuleManager: Shutting down and abandoning module AndroidTargetPlatform (81)
[2017.10.11-00.17.28:900][394]LogModuleManager: Shutting down and abandoning module WindowsTargetPlatform (79)
[2017.10.11-00.17.28:900][394]LogModuleManager: Shutting down and abandoning module WindowsServerTargetPlatform (77)
[2017.10.11-00.17.28:900][394]LogModuleManager: Shutting down and abandoning module WindowsNoEditorTargetPlatform (75)
[2017.10.11-00.17.28:900][394]LogModuleManager: Shutting down and abandoning module WindowsClientTargetPlatform (73)
[2017.10.11-00.17.28:900][394]LogModuleManager: Shutting down and abandoning module MacTargetPlatform (71)
[2017.10.11-00.17.28:900][394]LogModuleManager: Shutting down and abandoning module MacServerTargetPlatform (69)
[2017.10.11-00.17.28:900][394]LogModuleManager: Shutting down and abandoning module MacNoEditorTargetPlatform (67)
[2017.10.11-00.17.28:900][394]LogModuleManager: Shutting down and abandoning module MacClientTargetPlatform (65)
[2017.10.11-00.17.28:900][394]LogModuleManager: Shutting down and abandoning module AllDesktopTargetPlatform (63)
[2017.10.11-00.17.28:900][394]LogModuleManager: Shutting down and abandoning module InputCore (60)
[2017.10.11-00.17.28:900][394]LogModuleManager: Shutting down and abandoning module Settings (58)
[2017.10.11-00.17.28:900][394]LogModuleManager: Shutting down and abandoning module OculusRift (56)
[2017.10.11-00.17.28:900][394]LogModuleManager: Shutting down and abandoning module GearVRController (54)
[2017.10.11-00.17.28:900][394]LogModuleManager: Shutting down and abandoning module GearVR (52)
[2017.10.11-00.17.28:900][394]LogModuleManager: Shutting down and abandoning module ExampleDeviceProfileSelector (50)
[2017.10.11-00.17.28:900][394]LogModuleManager: Shutting down and abandoning module OnlineBlueprintSupport (48)
[2017.10.11-00.17.28:900][394]LogModuleManager: Shutting down and abandoning module OnlineSubsystem (44)
[2017.10.11-00.17.28:900][394]LogOnline:Display: Unloading online subsystem: NULL
[2017.10.11-00.17.28:900][394]LogModuleManager: Shutting down and abandoning module XMPP (43)
[2017.10.11-00.17.28:900][394]LogModuleManager: Shutting down and abandoning module HTTP (41)
[2017.10.11-00.17.28:900][394]LogHttp:Display: Http module shutting down, but needs to wait on 1 outstanding Http requests:
[2017.10.11-00.17.28:900][394]LogHttp:Display: 	verb=[POST] url=[https://datarouter.ol.epicgames.com/datarouter/api/v1/public/data?SessionID=%7B67F20142-4976-E414-EDA8-34A496652FE4%7D&AppID=UEEditor.Rocket.Release&AppVersion=4.16.3-3561208%2B%2B%2BUE4%2BRelease-4.16&UserID=b8fb93974b8901818619f4812949debb%7C5a665fbce63247ab97cc85eb30d7a5c8%7C24df914c-4073-4913-be26-e0a598005723&AppEnvironment=datacollector-binary&UploadType=eteventstream] status=Processing
[2017.10.11-00.17.28:905][394]LogModuleManager: Shutting down and abandoning module SSL (40)
[2017.10.11-00.17.28:907][394]LogModuleManager: Shutting down and abandoning module HTTPChunkInstaller (36)
[2017.10.11-00.17.28:907][394]LogModuleManager: Shutting down and abandoning module AnimationModifiers (34)
[2017.10.11-00.17.28:907][394]LogModuleManager: Shutting down and abandoning module PropertyEditor (33)
[2017.10.11-00.17.28:907][394]LogModuleManager: Shutting down and abandoning module AudioEditor (30)
[2017.10.11-00.17.28:907][394]LogModuleManager: Shutting down and abandoning module TextureCompressor (28)
[2017.10.11-00.17.28:907][394]LogModuleManager: Shutting down and abandoning module ShaderCore (26)
[2017.10.11-00.17.28:907][394]LogModuleManager: Shutting down and abandoning module Landscape (24)
[2017.10.11-00.17.28:907][394]LogModuleManager: Shutting down and abandoning module SlateRHIRenderer (22)
[2017.10.11-00.17.28:908][394]LogModuleManager: Shutting down and abandoning module OpenGLDrv (20)
[2017.10.11-00.17.28:908][394]LogModuleManager: Shutting down and abandoning module D3D11RHI (18)
[2017.10.11-00.17.28:908][394]LogModuleManager: Shutting down and abandoning module AnimGraphRuntime (16)
[2017.10.11-00.17.28:908][394]LogModuleManager: Shutting down and abandoning module Renderer (14)
[2017.10.11-00.17.28:908][394]LogModuleManager: Shutting down and abandoning module Engine (12)
[2017.10.11-00.17.28:908][394]LogModuleManager: Shutting down and abandoning module CoreUObject (10)
[2017.10.11-00.17.28:908][394]LogModuleManager: Shutting down and abandoning module NetworkFile (8)
[2017.10.11-00.17.28:908][394]LogModuleManager: Shutting down and abandoning module StreamingFile (6)
[2017.10.11-00.17.28:908][394]LogModuleManager: Shutting down and abandoning module SandboxFile (4)
[2017.10.11-00.17.28:908][394]LogModuleManager: Shutting down and abandoning module PakFile (2)
[2017.10.11-00.17.28:911][394]LogExit: Exiting.
[2017.10.11-00.17.28:923][394]Log file closed, 10/11/17 03:17:28
